build/outputs/logs/manifest-merger-debug-report.txt
-- Merging decision tree log ---
manifest
ADDED from AndroidStudioProjects\Wifi Receiver_THLight 1121\AndroidManifest.xml:2:1-63:12
	package
		ADDED from AndroidStudioProjects\Wifi Receiver_THLight 1121\AndroidManifest.xml:3:5-39
	android:versionName
		ADDED from AndroidStudioProjects\Wifi Receiver_THLight 1121\AndroidManifest.xml:5:5-30
		INJECTED from AndroidStudioProjects\Wifi Receiver_THLight 1121\AndroidManifest.xml
		INJECTED from AndroidStudioProjects\Wifi Receiver_THLight 1121\AndroidManifest.xml
	android:versionCode
		ADDED from AndroidStudioProjects\Wifi Receiver_THLight 1121\AndroidManifest.xml:4:5-28
		INJECTED from AndroidStudioProjects\Wifi Receiver_THLight 1121\AndroidManifest.xml
		INJECTED from AndroidStudioProjects\Wifi Receiver_THLight 1121\AndroidManifest.xml
	coreApp
		ADDED from AndroidStudioProjects\Wifi Receiver_THLight 1121\AndroidManifest.xml:6:5-19
	xmlns:android
		ADDED from AndroidStudioProjects\Wifi Receiver_THLight 1121\AndroidManifest.xml:2:11-69
uses-sdk
ADDED from AndroidStudioProjects\Wifi Receiver_THLight 1121\AndroidManifest.xml:8:5-10:7
	android:minSdkVersion
		ADDED from AndroidStudioProjects\Wifi Receiver_THLight 1121\AndroidManifest.xml:9:9-35
uses-permission#android.permission.INTERNET
ADDED from AndroidStudioProjects\Wifi Receiver_THLight 1121\AndroidManifest.xml:12:5-67
	android:name
		ADDED from AndroidStudioProjects\Wifi Receiver_THLight 1121\AndroidManifest.xml:12:22-64
uses-permission#android.permission.BLUETOOTH_ADMIN
ADDED from AndroidStudioProjects\Wifi Receiver_THLight 1121\AndroidManifest.xml:13:5-74
	android:name
		ADDED from AndroidStudioProjects\Wifi Receiver_THLight 1121\AndroidManifest.xml:13:22-71
uses-permission#android.permission.BLUETOOTH
ADDED from AndroidStudioProjects\Wifi Receiver_THLight 1121\AndroidManifest.xml:14:5-68
	android:name
		ADDED from AndroidStudioProjects\Wifi Receiver_THLight 1121\AndroidManifest.xml:14:22-65
uses-permission#android.hardware.usb.host
ADDED from AndroidStudioProjects\Wifi Receiver_THLight 1121\AndroidManifest.xml:15:2-61
	android:name
		ADDED from AndroidStudioProjects\Wifi Receiver_THLight 1121\AndroidManifest.xml:15:19-59
uses-permission#android.permission.WRITE_EXTERNAL_STORAGE
ADDED from AndroidStudioProjects\Wifi Receiver_THLight 1121\AndroidManifest.xml:16:2-78
	android:name
		ADDED from AndroidStudioProjects\Wifi Receiver_THLight 1121\AndroidManifest.xml:16:19-75
uses-permission#android.permission.CHANGE_NETWORK_STATE
ADDED from AndroidStudioProjects\Wifi Receiver_THLight 1121\AndroidManifest.xml:17:2-76
	android:name
		ADDED from AndroidStudioProjects\Wifi Receiver_THLight 1121\AndroidManifest.xml:17:19-73
uses-permission#android.permission.CHANGE_WIFI_STATE
ADDED from AndroidStudioProjects\Wifi Receiver_THLight 1121\AndroidManifest.xml:18:2-73
	android:name
		ADDED from AndroidStudioProjects\Wifi Receiver_THLight 1121\AndroidManifest.xml:18:19-70
uses-permission#android.permission.ACCESS_NETWORK_STATE
ADDED from AndroidStudioProjects\Wifi Receiver_THLight 1121\AndroidManifest.xml:19:2-76
	android:name
		ADDED from AndroidStudioProjects\Wifi Receiver_THLight 1121\AndroidManifest.xml:19:19-73
uses-permission#android.permission.ACCESS_WIFI_STATE
ADDED from AndroidStudioProjects\Wifi Receiver_THLight 1121\AndroidManifest.xml:20:2-73
	android:name
		ADDED from AndroidStudioProjects\Wifi Receiver_THLight 1121\AndroidManifest.xml:20:19-70
uses-permission#android.permission.WAKE_LOCK
ADDED from AndroidStudioProjects\Wifi Receiver_THLight 1121\AndroidManifest.xml:21:2-64
	android:name
		ADDED from AndroidStudioProjects\Wifi Receiver_THLight 1121\AndroidManifest.xml:21:19-62
permission#android.permission.SET_TIME
ADDED from AndroidStudioProjects\Wifi Receiver_THLight 1121\AndroidManifest.xml:22:2-60
	android:name
		ADDED from AndroidStudioProjects\Wifi Receiver_THLight 1121\AndroidManifest.xml:22:14-56
permission#android.permission.SET_TIME_ZONE
ADDED from AndroidStudioProjects\Wifi Receiver_THLight 1121\AndroidManifest.xml:23:5-66
	android:name
		ADDED from AndroidStudioProjects\Wifi Receiver_THLight 1121\AndroidManifest.xml:23:17-64
uses-permission#android.permission.RECEIVE_BOOT_COMPLETED
ADDED from AndroidStudioProjects\Wifi Receiver_THLight 1121\AndroidManifest.xml:24:5-80
	android:name
		ADDED from AndroidStudioProjects\Wifi Receiver_THLight 1121\AndroidManifest.xml:24:22-78
uses-feature#android.hardware.usb.host
ADDED from AndroidStudioProjects\Wifi Receiver_THLight 1121\AndroidManifest.xml:26:5-86
	android:required
		ADDED from AndroidStudioProjects\Wifi Receiver_THLight 1121\AndroidManifest.xml:26:60-83
	android:name
		ADDED from AndroidStudioProjects\Wifi Receiver_THLight 1121\AndroidManifest.xml:26:19-59
uses-permission#android.hardware.usb.accessory
ADDED from AndroidStudioProjects\Wifi Receiver_THLight 1121\AndroidManifest.xml:27:5-70
	android:name
		ADDED from AndroidStudioProjects\Wifi Receiver_THLight 1121\AndroidManifest.xml:27:22-67
application
ADDED from AndroidStudioProjects\Wifi Receiver_THLight 1121\AndroidManifest.xml:28:5-61:19
	android:label
		ADDED from AndroidStudioProjects\Wifi Receiver_THLight 1121\AndroidManifest.xml:32:9-41
	android:allowBackup
		ADDED from AndroidStudioProjects\Wifi Receiver_THLight 1121\AndroidManifest.xml:30:9-35
	android:icon
		ADDED from AndroidStudioProjects\Wifi Receiver_THLight 1121\AndroidManifest.xml:31:9-45
	android:theme
		ADDED from AndroidStudioProjects\Wifi Receiver_THLight 1121\AndroidManifest.xml:33:9-40
	android:name
		ADDED from AndroidStudioProjects\Wifi Receiver_THLight 1121\AndroidManifest.xml:29:9-55
activity#com.thlight.wifireceiver.UIMain
ADDED from AndroidStudioProjects\Wifi Receiver_THLight 1121\AndroidManifest.xml:34:9-47:20
	android:screenOrientation
		ADDED from AndroidStudioProjects\Wifi Receiver_THLight 1121\AndroidManifest.xml:37:13-49
	android:label
		ADDED from AndroidStudioProjects\Wifi Receiver_THLight 1121\AndroidManifest.xml:36:13-45
	android:launchMode
		ADDED from AndroidStudioProjects\Wifi Receiver_THLight 1121\AndroidManifest.xml:40:13-44
	android:windowSoftInputMode
		ADDED from AndroidStudioProjects\Wifi Receiver_THLight 1121\AndroidManifest.xml:39:13-54
	android:theme
		ADDED from AndroidStudioProjects\Wifi Receiver_THLight 1121\AndroidManifest.xml:38:13-77
	android:name
		ADDED from AndroidStudioProjects\Wifi Receiver_THLight 1121\AndroidManifest.xml:35:13-59
intent-filter#android.hardware.usb.action.USB_DEVICE_ATTACHED+android.intent.action.MAIN+android.intent.category.LAUNCHER
ADDED from AndroidStudioProjects\Wifi Receiver_THLight 1121\AndroidManifest.xml:41:13-45:29
action#android.intent.action.MAIN
ADDED from AndroidStudioProjects\Wifi Receiver_THLight 1121\AndroidManifest.xml:42:17-69
	android:name
		ADDED from AndroidStudioProjects\Wifi Receiver_THLight 1121\AndroidManifest.xml:42:25-66
category#android.intent.category.LAUNCHER
ADDED from AndroidStudioProjects\Wifi Receiver_THLight 1121\AndroidManifest.xml:43:17-77
	android:name
		ADDED from AndroidStudioProjects\Wifi Receiver_THLight 1121\AndroidManifest.xml:43:27-74
action#android.hardware.usb.action.USB_DEVICE_ATTACHED
ADDED from AndroidStudioProjects\Wifi Receiver_THLight 1121\AndroidManifest.xml:44:17-90
	android:name
		ADDED from AndroidStudioProjects\Wifi Receiver_THLight 1121\AndroidManifest.xml:44:25-87
meta-data#android.hardware.usb.action.USB_DEVICE_ATTACHED
ADDED from AndroidStudioProjects\Wifi Receiver_THLight 1121\AndroidManifest.xml:46:13-128
	android:resource
		ADDED from AndroidStudioProjects\Wifi Receiver_THLight 1121\AndroidManifest.xml:46:88-125
	android:name
		ADDED from AndroidStudioProjects\Wifi Receiver_THLight 1121\AndroidManifest.xml:46:24-86
receiver#com.thlight.wifireceiver.Receiver
ADDED from AndroidStudioProjects\Wifi Receiver_THLight 1121\AndroidManifest.xml:49:9-53:14
	android:name
		ADDED from AndroidStudioProjects\Wifi Receiver_THLight 1121\AndroidManifest.xml:49:19-43
intent-filter#android.intent.action.BOOT_COMPLETED
ADDED from AndroidStudioProjects\Wifi Receiver_THLight 1121\AndroidManifest.xml:50:4-52:20
action#android.intent.action.BOOT_COMPLETED
ADDED from AndroidStudioProjects\Wifi Receiver_THLight 1121\AndroidManifest.xml:51:5-67
	android:name
		ADDED from AndroidStudioProjects\Wifi Receiver_THLight 1121\AndroidManifest.xml:51:13-64
service#com.thlight.wifireceiver.CheckService
ADDED from AndroidStudioProjects\Wifi Receiver_THLight 1121\AndroidManifest.xml:55:9-60:11
	android:enabled
		ADDED from AndroidStudioProjects\Wifi Receiver_THLight 1121\AndroidManifest.xml:57:13-35
	android:process
		ADDED from AndroidStudioProjects\Wifi Receiver_THLight 1121\AndroidManifest.xml:59:13-38
	android:persistent
		ADDED from AndroidStudioProjects\Wifi Receiver_THLight 1121\AndroidManifest.xml:58:13-38
	android:name
		ADDED from AndroidStudioProjects\Wifi Receiver_THLight 1121\AndroidManifest.xml:56:13-41